Arguments: 
  C:\Program Files\nodejs\node.exe C:\Users\hamar\AppData\Roaming\npm\node_modules\yarn\bin\yarn.js add @hotwired/stimulus-loading

PATH: 
  C:\Users\hamar\AppData\Local\cloud-code\installer\google-cloud-sdk\bin;C:\tools\ruby31\bin;C:\Python310\Scripts\;C:\Python310\;C:\Program Files\Microsoft\jdk-11.0.12.7-hotspot\bin;C:\Program Files\Common Files\Oracle\Java\javapath;C:\Program Files (x86)\Common Files\Oracle\Java\javapath;C:\WINDOWS\system32;C:\WINDOWS;C:\WINDOWS\System32\Wbem;C:\WINDOWS\System32\WindowsPowerShell\v1.0\;C:\WINDOWS\System32\OpenSSH\;C:\Program Files\Microsoft SQL Server\130\Tools\Binn\;C:\Program Files\NVIDIA Corporation\NVIDIA NvDLISR;C:\Program Files (x86)\NVIDIA Corporation\PhysX\Common;C:\Program Files\Git\cmd;C:\Program Files\Java\jdk-16.0.1\bin;C:\Program Files\Java\jre1.8.0_301\bin;C:\Program Files\Microsoft SQL Server\150\Tools\Binn\;C:\Program Files\Microsoft SQL Server\Client SDK\ODBC\170\Tools\Binn\;C:\Program Files\dotnet\;C:\ProgramData\chocolatey\bin;C:\src\Java\jdk1.8.0_301\bin;C:\src\apache-maven-3.8.5\bin;C:\Program Files\Docker\Docker\resources\bin;C:\ProgramData\DockerDesktop\version-bin;C:\tools\dart-sdk\bin;C:\Program Files\nodejs\;C:\Ruby31-x64\bin;C:\Program Files (x86)\Ruby31-x64\bin;C:\src\Java\jdk-16.0.1\bin;C:\Users\hamar\AppData\Local\Programs\Microsoft VS Code\bin;C:\Users\hamar\.dotnet\tools;C:\src\flutter\bin;C:\Users\hamar\AppData\Local\Android\sdk;C:\Users\hamar\AppData\Local\Android;C:\src\flutter\bin\cache\dart-sdk\bin;C:\Users\hamar\AppData\Roaming\Pub\Cache\bin;C:\src\Java\jdk1.8.0_301\bin;C:\src\Java\jre1.8.0_331\bin;C:\tools\dart-sdk\bin;C:\Users\hamar\AppData\Roaming\npm;C:\Program Files\heroku\bin

Yarn version: 
  1.22.19

Node version: 
  18.12.1

Platform: 
  win32 x64

Trace: 
  Error: connect ENETUNREACH 104.16.18.35:443
      at TCPConnectWrap.afterConnect [as oncomplete] (node:net:1300:16)

npm manifest: 
  {
    "devDependencies": {
      "stylelint": "^13.13.1",
      "stylelint-config-standard": "^21.0.0",
      "stylelint-csstree-validator": "^1.9.0",
      "stylelint-scss": "^3.21.0"
    }
  }

yarn manifest: 
  No manifest

Lockfile: 
  No lockfile
